<?xml version="1.0" encoding="UTF-8" ?>
<testsuite errors="0" failures="0" hostname="DESKTOP-6NNQD1O" name="de.hfts.sensormonitor.misc.IOTest" skipped="0" tests="6" time="0.23" timestamp="2017-06-09T09:17:36">
  <properties>
[...]
</properties>
  <testcase classname="de.hfts.sensormonitor.misc.IOTest" name="testRenamingTableWithIllegalName" time="0.002" />
  <testcase classname="de.hfts.sensormonitor.misc.IOTest" name="testImportingCSVWithWrongFormat" time="0.003" />
  <testcase classname="de.hfts.sensormonitor.misc.IOTest" name="testCreatingGenericTable" time="0.002" />
  <testcase classname="de.hfts.sensormonitor.misc.IOTest" name="testValidatingPropertiesWithDifferentAmountsOfKeys" time="0.0" />
  <testcase classname="de.hfts.sensormonitor.misc.IOTest" name="testValidatingPropertiesWithSimilarKeys" time="0.0" />
  <testcase classname="de.hfts.sensormonitor.misc.IOTest" name="testValidatingPropertiesWithDifferentKeys" time="0.0" />
  <system-out><![CDATA[]]></system-out>
  <system-err><![CDATA[]]></system-err>
</testsuite>
